dbt-fusion 2.0.0-preview.44
   Loading profiles/profiles.yml
error: dbt1005: Failed to parse profiles.yml: unknown variant `duckdb`, expected one of `redshift`, `snowflake`, `postgres`, `bigquery`, `trino`, `datafusion`, `databricks`, `salesforce`

==================== Execution Summary =====================
Finished 'parse' with 1 error for target 'demo' [333ms]
[0m19:53:03.808118 [debug] [MainThread]: Sending event: {'category': 'dbt', 'action': 'invocation', 'label': 'start', 'context': [<snowplow_tracker.self_describing_json.SelfDescribingJson object at 0x10b115a90>, <snowplow_tracker.self_describing_json.SelfDescribingJson object at 0x10d0f3b10>, <snowplow_tracker.self_describing_json.SelfDescribingJson object at 0x10d0f3d90>]}


============================== 19:53:03.812380 | 4fdb0982-7041-4488-9318-67f2c60071a4 ==============================
[0m19:53:03.812380 [info ] [MainThread]: Running with dbt=1.8.9
[0m19:53:03.812710 [debug] [MainThread]: running dbt with arguments {'printer_width': '80', 'indirect_selection': 'eager', 'log_cache_events': 'False', 'write_json': 'True', 'partial_parse': 'True', 'cache_selected_only': 'False', 'profiles_dir': '/Users/medsidd/Desktop/whyline-denver/dbt/profiles', 'fail_fast': 'False', 'version_check': 'True', 'log_path': '/Users/medsidd/Desktop/whyline-denver/dbt/logs', 'debug': 'False', 'warn_error': 'None', 'use_colors': 'True', 'use_experimental_parser': 'False', 'empty': 'None', 'quiet': 'False', 'no_print': 'None', 'log_format': 'default', 'introspect': 'True', 'static_parser': 'True', 'warn_error_options': 'WarnErrorOptions(include=[], exclude=[])', 'target_path': 'None', 'invocation_command': 'dbt parse --target demo', 'send_anonymous_usage_stats': 'True'}
[0m19:53:03.946624 [debug] [MainThread]: Sending event: {'category': 'dbt', 'action': 'project_id', 'label': '4fdb0982-7041-4488-9318-67f2c60071a4', 'context': [<snowplow_tracker.self_describing_json.SelfDescribingJson object at 0x10bfa0050>]}
[0m19:53:03.972186 [debug] [MainThread]: Sending event: {'category': 'dbt', 'action': 'adapter_info', 'label': '4fdb0982-7041-4488-9318-67f2c60071a4', 'context': [<snowplow_tracker.self_describing_json.SelfDescribingJson object at 0x10c580380>]}
[0m19:53:03.973929 [info ] [MainThread]: Registered adapter: duckdb=1.8.4
[0m19:53:04.039644 [debug] [MainThread]: checksum: e88a2301bb8ba01d4d32eb132a81202197c8e205fae43a4dab5556f64cf4f380, vars: {}, profile: , target: demo, version: 1.8.9
[0m19:53:04.040219 [info ] [MainThread]: Unable to do partial parsing because saved manifest not found. Starting full parse.
[0m19:53:04.040416 [debug] [MainThread]: Sending event: {'category': 'dbt', 'action': 'partial_parser', 'label': '4fdb0982-7041-4488-9318-67f2c60071a4', 'context': [<snowplow_tracker.self_describing_json.SelfDescribingJson object at 0x10d1ce550>]}
[0m19:53:04.396780 [warn ] [MainThread]: [[33mWARNING[0m]: Configuration paths exist in your dbt_project.yml file which do not apply to any resources.
There are 1 unused configuration paths:
- models
[0m19:53:04.399893 [debug] [MainThread]: Sending event: {'category': 'dbt', 'action': 'load_project', 'label': '4fdb0982-7041-4488-9318-67f2c60071a4', 'context': [<snowplow_tracker.self_describing_json.SelfDescribingJson object at 0x10b7f77a0>]}
[0m19:53:04.402323 [info ] [MainThread]: Performance info: /Users/medsidd/Desktop/whyline-denver/dbt/target/perf_info.json
[0m19:53:04.436803 [debug] [MainThread]: Resource report: {"command_name": "parse", "command_success": true, "command_wall_clock_time": 0.6658127, "process_in_blocks": "0", "process_kernel_time": 0.176594, "process_mem_max_rss": "137658368", "process_out_blocks": "0", "process_user_time": 1.215536}
[0m19:53:04.437221 [debug] [MainThread]: Command `dbt parse` succeeded at 19:53:04.437141 after 0.67 seconds
[0m19:53:04.437476 [debug] [MainThread]: Sending event: {'category': 'dbt', 'action': 'invocation', 'label': 'end', 'context': [<snowplow_tracker.self_describing_json.SelfDescribingJson object at 0x10cf9be70>, <snowplow_tracker.self_describing_json.SelfDescribingJson object at 0x10d321470>, <snowplow_tracker.self_describing_json.SelfDescribingJson object at 0x10d523d40>]}
[0m19:53:04.437766 [debug] [MainThread]: Flushing usage events
[0m20:36:51.010676 [debug] [MainThread]: Sending event: {'category': 'dbt', 'action': 'invocation', 'label': 'start', 'context': [<snowplow_tracker.self_describing_json.SelfDescribingJson object at 0x106dd5a90>, <snowplow_tracker.self_describing_json.SelfDescribingJson object at 0x108db3b10>, <snowplow_tracker.self_describing_json.SelfDescribingJson object at 0x108db3d90>]}


============================== 20:36:51.015405 | 7106f290-337b-4967-921d-1bc4cd951843 ==============================
[0m20:36:51.015405 [info ] [MainThread]: Running with dbt=1.8.9
[0m20:36:51.015791 [debug] [MainThread]: running dbt with arguments {'printer_width': '80', 'indirect_selection': 'eager', 'write_json': 'True', 'log_cache_events': 'False', 'partial_parse': 'True', 'cache_selected_only': 'False', 'warn_error': 'None', 'debug': 'False', 'version_check': 'True', 'log_path': '/Users/medsidd/Desktop/whyline-denver/dbt/logs', 'profiles_dir': '/Users/medsidd/.dbt', 'fail_fast': 'False', 'use_colors': 'True', 'use_experimental_parser': 'False', 'no_print': 'None', 'quiet': 'False', 'empty': 'None', 'warn_error_options': 'WarnErrorOptions(include=[], exclude=[])', 'introspect': 'True', 'static_parser': 'True', 'invocation_command': 'dbt ', 'target_path': 'None', 'log_format': 'default', 'send_anonymous_usage_stats': 'True'}
[0m20:36:51.067914 [debug] [MainThread]: Sending event: {'category': 'dbt', 'action': 'project_id', 'label': '7106f290-337b-4967-921d-1bc4cd951843', 'context': [<snowplow_tracker.self_describing_json.SelfDescribingJson object at 0x107c60050>]}
[0m20:36:51.076507 [info ] [MainThread]: Warning: No packages were found in packages.yml
[0m20:36:51.077048 [info ] [MainThread]: Warning: No packages were found in packages.yml
[0m20:36:51.079581 [debug] [MainThread]: Resource report: {"command_name": "deps", "command_success": true, "command_wall_clock_time": 0.10752246, "process_in_blocks": "0", "process_kernel_time": 0.115386, "process_mem_max_rss": "106676224", "process_out_blocks": "0", "process_user_time": 0.739269}
[0m20:36:51.079928 [debug] [MainThread]: Command `cli deps` succeeded at 20:36:51.079859 after 0.11 seconds
[0m20:36:51.080126 [debug] [MainThread]: Sending event: {'category': 'dbt', 'action': 'invocation', 'label': 'end', 'context': [<snowplow_tracker.self_describing_json.SelfDescribingJson object at 0x108f256a0>, <snowplow_tracker.self_describing_json.SelfDescribingJson object at 0x108f257b0>, <snowplow_tracker.self_describing_json.SelfDescribingJson object at 0x108c62a50>]}
[0m20:36:51.080317 [debug] [MainThread]: Flushing usage events
[0m20:47:18.656255 [debug] [MainThread]: Sending event: {'category': 'dbt', 'action': 'invocation', 'label': 'start', 'context': [<snowplow_tracker.self_describing_json.SelfDescribingJson object at 0x10ba05a90>, <snowplow_tracker.self_describing_json.SelfDescribingJson object at 0x10d9e3b10>, <snowplow_tracker.self_describing_json.SelfDescribingJson object at 0x10d9e3d90>]}


============================== 20:47:18.661141 | bc11dbbf-5f33-4dcc-a2d2-8dea6025e87a ==============================
[0m20:47:18.661141 [info ] [MainThread]: Running with dbt=1.8.9
[0m20:47:18.661838 [debug] [MainThread]: running dbt with arguments {'printer_width': '80', 'indirect_selection': 'eager', 'write_json': 'True', 'log_cache_events': 'False', 'partial_parse': 'True', 'cache_selected_only': 'False', 'warn_error': 'None', 'version_check': 'True', 'debug': 'False', 'log_path': '/Users/medsidd/Desktop/whyline-denver/dbt/logs', 'profiles_dir': '/Users/medsidd/.dbt', 'fail_fast': 'False', 'use_colors': 'True', 'use_experimental_parser': 'False', 'no_print': 'None', 'quiet': 'False', 'empty': 'None', 'log_format': 'default', 'introspect': 'True', 'static_parser': 'True', 'invocation_command': 'dbt ', 'target_path': 'None', 'warn_error_options': 'WarnErrorOptions(include=[], exclude=[])', 'send_anonymous_usage_stats': 'True'}
[0m20:47:18.718241 [debug] [MainThread]: Sending event: {'category': 'dbt', 'action': 'project_id', 'label': 'bc11dbbf-5f33-4dcc-a2d2-8dea6025e87a', 'context': [<snowplow_tracker.self_describing_json.SelfDescribingJson object at 0x10c890050>]}
[0m20:47:18.726757 [info ] [MainThread]: Warning: No packages were found in packages.yml
[0m20:47:18.727558 [info ] [MainThread]: Warning: No packages were found in packages.yml
[0m20:47:18.730376 [debug] [MainThread]: Resource report: {"command_name": "deps", "command_success": true, "command_wall_clock_time": 0.11126888, "process_in_blocks": "0", "process_kernel_time": 0.11372, "process_mem_max_rss": "106004480", "process_out_blocks": "0", "process_user_time": 0.736052}
[0m20:47:18.730760 [debug] [MainThread]: Command `cli deps` succeeded at 20:47:18.730684 after 0.11 seconds
[0m20:47:18.730959 [debug] [MainThread]: Sending event: {'category': 'dbt', 'action': 'invocation', 'label': 'end', 'context': [<snowplow_tracker.self_describing_json.SelfDescribingJson object at 0x10db556a0>, <snowplow_tracker.self_describing_json.SelfDescribingJson object at 0x10db557b0>, <snowplow_tracker.self_describing_json.SelfDescribingJson object at 0x10d892a50>]}
[0m20:47:18.731167 [debug] [MainThread]: Flushing usage events
[0m20:52:23.686461 [debug] [MainThread]: Sending event: {'category': 'dbt', 'action': 'invocation', 'label': 'start', 'context': [<snowplow_tracker.self_describing_json.SelfDescribingJson object at 0x107155a90>, <snowplow_tracker.self_describing_json.SelfDescribingJson object at 0x10912fb10>, <snowplow_tracker.self_describing_json.SelfDescribingJson object at 0x10912fd90>]}


============================== 20:52:23.691236 | 49bc85e5-2c41-4b08-b6bc-2af5447b27f8 ==============================
[0m20:52:23.691236 [info ] [MainThread]: Running with dbt=1.8.9
[0m20:52:23.691585 [debug] [MainThread]: running dbt with arguments {'printer_width': '80', 'indirect_selection': 'eager', 'log_cache_events': 'False', 'write_json': 'True', 'partial_parse': 'True', 'cache_selected_only': 'False', 'warn_error': 'None', 'debug': 'False', 'version_check': 'True', 'log_path': '/Users/medsidd/Desktop/whyline-denver/dbt/logs', 'profiles_dir': '/Users/medsidd/.dbt', 'fail_fast': 'False', 'use_colors': 'True', 'use_experimental_parser': 'False', 'empty': 'None', 'quiet': 'False', 'no_print': 'None', 'warn_error_options': 'WarnErrorOptions(include=[], exclude=[])', 'invocation_command': 'dbt ', 'introspect': 'True', 'static_parser': 'True', 'target_path': 'None', 'log_format': 'default', 'send_anonymous_usage_stats': 'True'}
[0m20:52:23.745347 [debug] [MainThread]: Sending event: {'category': 'dbt', 'action': 'project_id', 'label': '49bc85e5-2c41-4b08-b6bc-2af5447b27f8', 'context': [<snowplow_tracker.self_describing_json.SelfDescribingJson object at 0x107fe0050>]}
[0m20:52:23.753236 [info ] [MainThread]: Warning: No packages were found in packages.yml
[0m20:52:23.753958 [info ] [MainThread]: Warning: No packages were found in packages.yml
[0m20:52:23.756349 [debug] [MainThread]: Resource report: {"command_name": "deps", "command_success": true, "command_wall_clock_time": 0.10807579, "process_in_blocks": "0", "process_kernel_time": 0.110623, "process_mem_max_rss": "105594880", "process_out_blocks": "0", "process_user_time": 0.735254}
[0m20:52:23.756662 [debug] [MainThread]: Command `cli deps` succeeded at 20:52:23.756603 after 0.11 seconds
[0m20:52:23.756868 [debug] [MainThread]: Sending event: {'category': 'dbt', 'action': 'invocation', 'label': 'end', 'context': [<snowplow_tracker.self_describing_json.SelfDescribingJson object at 0x1092a56a0>, <snowplow_tracker.self_describing_json.SelfDescribingJson object at 0x1092a57b0>, <snowplow_tracker.self_describing_json.SelfDescribingJson object at 0x108fe6a50>]}
[0m20:52:23.757057 [debug] [MainThread]: Flushing usage events
[0m21:07:08.525209 [debug] [MainThread]: Sending event: {'category': 'dbt', 'action': 'invocation', 'label': 'start', 'context': [<snowplow_tracker.self_describing_json.SelfDescribingJson object at 0x109315a90>, <snowplow_tracker.self_describing_json.SelfDescribingJson object at 0x10b2f3b10>, <snowplow_tracker.self_describing_json.SelfDescribingJson object at 0x10b2f3d90>]}


============================== 21:07:08.530056 | 023ec710-948e-4693-ab9b-f7bd20ed9955 ==============================
[0m21:07:08.530056 [info ] [MainThread]: Running with dbt=1.8.9
[0m21:07:08.530493 [debug] [MainThread]: running dbt with arguments {'printer_width': '80', 'indirect_selection': 'eager', 'log_cache_events': 'False', 'write_json': 'True', 'partial_parse': 'True', 'cache_selected_only': 'False', 'profiles_dir': '/Users/medsidd/.dbt', 'fail_fast': 'False', 'version_check': 'True', 'log_path': '/Users/medsidd/Desktop/whyline-denver/dbt/logs', 'debug': 'False', 'warn_error': 'None', 'use_colors': 'True', 'use_experimental_parser': 'False', 'empty': 'None', 'quiet': 'False', 'no_print': 'None', 'warn_error_options': 'WarnErrorOptions(include=[], exclude=[])', 'static_parser': 'True', 'invocation_command': 'dbt ', 'introspect': 'True', 'target_path': 'None', 'log_format': 'default', 'send_anonymous_usage_stats': 'True'}
[0m21:07:08.583553 [debug] [MainThread]: Sending event: {'category': 'dbt', 'action': 'project_id', 'label': '023ec710-948e-4693-ab9b-f7bd20ed9955', 'context': [<snowplow_tracker.self_describing_json.SelfDescribingJson object at 0x10a1a0050>]}
[0m21:07:08.591998 [info ] [MainThread]: Warning: No packages were found in packages.yml
[0m21:07:08.592572 [info ] [MainThread]: Warning: No packages were found in packages.yml
[0m21:07:08.594902 [debug] [MainThread]: Resource report: {"command_name": "deps", "command_success": true, "command_wall_clock_time": 0.10723516, "process_in_blocks": "0", "process_kernel_time": 0.106071, "process_mem_max_rss": "106643456", "process_out_blocks": "0", "process_user_time": 0.724078}
[0m21:07:08.595238 [debug] [MainThread]: Command `cli deps` succeeded at 21:07:08.595164 after 0.11 seconds
[0m21:07:08.595426 [debug] [MainThread]: Sending event: {'category': 'dbt', 'action': 'invocation', 'label': 'end', 'context': [<snowplow_tracker.self_describing_json.SelfDescribingJson object at 0x10b4656a0>, <snowplow_tracker.self_describing_json.SelfDescribingJson object at 0x10b4657b0>, <snowplow_tracker.self_describing_json.SelfDescribingJson object at 0x10b1a6a50>]}
[0m21:07:08.595598 [debug] [MainThread]: Flushing usage events
[0m21:07:25.858416 [debug] [MainThread]: Sending event: {'category': 'dbt', 'action': 'invocation', 'label': 'start', 'context': [<snowplow_tracker.self_describing_json.SelfDescribingJson object at 0x10b029a90>, <snowplow_tracker.self_describing_json.SelfDescribingJson object at 0x10d007b10>, <snowplow_tracker.self_describing_json.SelfDescribingJson object at 0x10d007d90>]}


============================== 21:07:25.863015 | 8c46101f-0df3-4c09-aa99-0e5db0e544bf ==============================
[0m21:07:25.863015 [info ] [MainThread]: Running with dbt=1.8.9
[0m21:07:25.863392 [debug] [MainThread]: running dbt with arguments {'printer_width': '80', 'indirect_selection': 'eager', 'write_json': 'True', 'log_cache_events': 'False', 'partial_parse': 'True', 'cache_selected_only': 'False', 'profiles_dir': '/Users/medsidd/.dbt', 'debug': 'False', 'fail_fast': 'False', 'log_path': '/Users/medsidd/Desktop/whyline-denver/dbt/logs', 'warn_error': 'None', 'version_check': 'True', 'use_colors': 'True', 'use_experimental_parser': 'False', 'no_print': 'None', 'quiet': 'False', 'empty': 'None', 'log_format': 'default', 'invocation_command': 'dbt ', 'static_parser': 'True', 'warn_error_options': 'WarnErrorOptions(include=[], exclude=[])', 'target_path': 'None', 'introspect': 'True', 'send_anonymous_usage_stats': 'True'}
[0m21:07:25.916600 [debug] [MainThread]: Sending event: {'category': 'dbt', 'action': 'project_id', 'label': '8c46101f-0df3-4c09-aa99-0e5db0e544bf', 'context': [<snowplow_tracker.self_describing_json.SelfDescribingJson object at 0x10beb4050>]}
[0m21:07:25.924806 [info ] [MainThread]: Warning: No packages were found in packages.yml
[0m21:07:25.925505 [info ] [MainThread]: Warning: No packages were found in packages.yml
[0m21:07:25.928018 [debug] [MainThread]: Resource report: {"command_name": "deps", "command_success": true, "command_wall_clock_time": 0.10867546, "process_in_blocks": "0", "process_kernel_time": 0.101958, "process_mem_max_rss": "106266624", "process_out_blocks": "0", "process_user_time": 0.731759}
[0m21:07:25.928318 [debug] [MainThread]: Command `cli deps` succeeded at 21:07:25.928260 after 0.11 seconds
[0m21:07:25.928497 [debug] [MainThread]: Sending event: {'category': 'dbt', 'action': 'invocation', 'label': 'end', 'context': [<snowplow_tracker.self_describing_json.SelfDescribingJson object at 0x10d1796a0>, <snowplow_tracker.self_describing_json.SelfDescribingJson object at 0x10d1797b0>, <snowplow_tracker.self_describing_json.SelfDescribingJson object at 0x10cebaa50>]}
[0m21:07:25.928665 [debug] [MainThread]: Flushing usage events
[0m21:07:56.647885 [debug] [MainThread]: Sending event: {'category': 'dbt', 'action': 'invocation', 'label': 'start', 'context': [<snowplow_tracker.self_describing_json.SelfDescribingJson object at 0x108fb5a90>, <snowplow_tracker.self_describing_json.SelfDescribingJson object at 0x10af8fb10>, <snowplow_tracker.self_describing_json.SelfDescribingJson object at 0x10af8fd90>]}


============================== 21:07:56.652072 | ee78f9d0-46b3-4c1d-aa9a-90048fc643b7 ==============================
[0m21:07:56.652072 [info ] [MainThread]: Running with dbt=1.8.9
[0m21:07:56.652404 [debug] [MainThread]: running dbt with arguments {'printer_width': '80', 'indirect_selection': 'eager', 'log_cache_events': 'False', 'write_json': 'True', 'partial_parse': 'True', 'cache_selected_only': 'False', 'profiles_dir': '/Users/medsidd/.dbt', 'debug': 'False', 'warn_error': 'None', 'log_path': '/Users/medsidd/Desktop/whyline-denver/dbt/logs', 'version_check': 'True', 'fail_fast': 'False', 'use_colors': 'True', 'use_experimental_parser': 'False', 'no_print': 'None', 'quiet': 'False', 'empty': 'None', 'log_format': 'default', 'static_parser': 'True', 'warn_error_options': 'WarnErrorOptions(include=[], exclude=[])', 'introspect': 'True', 'target_path': 'None', 'invocation_command': 'dbt ', 'send_anonymous_usage_stats': 'True'}
[0m21:07:56.701666 [debug] [MainThread]: Sending event: {'category': 'dbt', 'action': 'project_id', 'label': 'ee78f9d0-46b3-4c1d-aa9a-90048fc643b7', 'context': [<snowplow_tracker.self_describing_json.SelfDescribingJson object at 0x109e40050>]}
[0m21:07:56.710185 [info ] [MainThread]: Warning: No packages were found in packages.yml
[0m21:07:56.710859 [info ] [MainThread]: Warning: No packages were found in packages.yml
[0m21:07:56.713166 [debug] [MainThread]: Resource report: {"command_name": "deps", "command_success": true, "command_wall_clock_time": 0.10020067, "process_in_blocks": "0", "process_kernel_time": 0.098192, "process_mem_max_rss": "106414080", "process_out_blocks": "0", "process_user_time": 0.716849}
[0m21:07:56.713508 [debug] [MainThread]: Command `cli deps` succeeded at 21:07:56.713426 after 0.10 seconds
[0m21:07:56.713748 [debug] [MainThread]: Sending event: {'category': 'dbt', 'action': 'invocation', 'label': 'end', 'context': [<snowplow_tracker.self_describing_json.SelfDescribingJson object at 0x10b1056a0>, <snowplow_tracker.self_describing_json.SelfDescribingJson object at 0x10b1057b0>, <snowplow_tracker.self_describing_json.SelfDescribingJson object at 0x10ae46a50>]}
[0m21:07:56.713918 [debug] [MainThread]: Flushing usage events
21:33:16.448117 [debug] [MainThread]: Sending event: {'category': 'dbt', 'action': 'invocation', 'label': 'start', 'context': [<snowplow_tracker.self_describing_json.SelfDescribingJson object at 0x10ba09a90>, <snowplow_tracker.self_describing_json.SelfDescribingJson object at 0x10d9e7b10>, <snowplow_tracker.self_describing_json.SelfDescribingJson object at 0x10d9e7d90>]}


============================== 21:33:16.455262 | 57902022-53f1-41db-85a2-667b324953a9 ==============================
21:33:16.455262 [info ] [MainThread]: Running with dbt=1.8.9
21:33:16.455651 [debug] [MainThread]: running dbt with arguments {'printer_width': '80', 'indirect_selection': 'eager', 'log_cache_events': 'False', 'write_json': 'True', 'partial_parse': 'True', 'cache_selected_only': 'False', 'profiles_dir': '/Users/medsidd/Desktop/whyline-denver/dbt/profiles', 'debug': 'False', 'version_check': 'True', 'log_path': '/Users/medsidd/Desktop/whyline-denver/dbt/logs', 'fail_fast': 'False', 'warn_error': 'None', 'use_colors': 'False', 'use_experimental_parser': 'False', 'empty': 'None', 'quiet': 'False', 'no_print': 'None', 'warn_error_options': 'WarnErrorOptions(include=[], exclude=[])', 'invocation_command': 'dbt --no-use-colors deps', 'static_parser': 'True', 'log_format': 'default', 'target_path': 'None', 'introspect': 'True', 'send_anonymous_usage_stats': 'True'}
21:33:16.516189 [debug] [MainThread]: Sending event: {'category': 'dbt', 'action': 'project_id', 'label': '57902022-53f1-41db-85a2-667b324953a9', 'context': [<snowplow_tracker.self_describing_json.SelfDescribingJson object at 0x10c894050>]}
21:33:16.530361 [info ] [MainThread]: Warning: No packages were found in packages.yml
21:33:16.531040 [info ] [MainThread]: Warning: No packages were found in packages.yml
21:33:16.533228 [debug] [MainThread]: Resource report: {"command_name": "deps", "command_success": true, "command_wall_clock_time": 0.12481308, "process_in_blocks": "0", "process_kernel_time": 0.142347, "process_mem_max_rss": "105824256", "process_out_blocks": "0", "process_user_time": 0.741711}
21:33:16.533541 [debug] [MainThread]: Command `dbt deps` succeeded at 21:33:16.533472 after 0.13 seconds
21:33:16.533748 [debug] [MainThread]: Sending event: {'category': 'dbt', 'action': 'invocation', 'label': 'end', 'context': [<snowplow_tracker.self_describing_json.SelfDescribingJson object at 0x10db596a0>, <snowplow_tracker.self_describing_json.SelfDescribingJson object at 0x10db597b0>, <snowplow_tracker.self_describing_json.SelfDescribingJson object at 0x10d896850>]}
21:33:16.533937 [debug] [MainThread]: Flushing usage events
21:33:17.928281 [debug] [MainThread]: Sending event: {'category': 'dbt', 'action': 'invocation', 'label': 'start', 'context': [<snowplow_tracker.self_describing_json.SelfDescribingJson object at 0x10ba89a90>, <snowplow_tracker.self_describing_json.SelfDescribingJson object at 0x10da7fb10>, <snowplow_tracker.self_describing_json.SelfDescribingJson object at 0x10da7fd90>]}


============================== 21:33:17.931950 | 6a8169ac-af4e-43de-bfb9-97a8a94514ab ==============================
21:33:17.931950 [info ] [MainThread]: Running with dbt=1.8.9
21:33:17.932372 [debug] [MainThread]: running dbt with arguments {'printer_width': '80', 'indirect_selection': 'eager', 'write_json': 'True', 'log_cache_events': 'False', 'partial_parse': 'True', 'cache_selected_only': 'False', 'warn_error': 'None', 'fail_fast': 'False', 'debug': 'False', 'log_path': '/Users/medsidd/Desktop/whyline-denver/dbt/logs', 'version_check': 'True', 'profiles_dir': '/Users/medsidd/Desktop/whyline-denver/dbt/profiles', 'use_colors': 'False', 'use_experimental_parser': 'False', 'empty': 'None', 'quiet': 'False', 'no_print': 'None', 'warn_error_options': 'WarnErrorOptions(include=[], exclude=[])', 'static_parser': 'True', 'log_format': 'default', 'introspect': 'True', 'target_path': 'None', 'invocation_command': 'dbt --no-use-colors parse --target demo', 'send_anonymous_usage_stats': 'True'}
21:33:18.097405 [debug] [MainThread]: Sending event: {'category': 'dbt', 'action': 'project_id', 'label': '6a8169ac-af4e-43de-bfb9-97a8a94514ab', 'context': [<snowplow_tracker.self_describing_json.SelfDescribingJson object at 0x10c914050>]}
21:33:18.123942 [debug] [MainThread]: Sending event: {'category': 'dbt', 'action': 'adapter_info', 'label': '6a8169ac-af4e-43de-bfb9-97a8a94514ab', 'context': [<snowplow_tracker.self_describing_json.SelfDescribingJson object at 0x10cef8380>]}
21:33:18.126495 [info ] [MainThread]: Registered adapter: duckdb=1.8.4
21:33:18.184391 [debug] [MainThread]: checksum: e88a2301bb8ba01d4d32eb132a81202197c8e205fae43a4dab5556f64cf4f380, vars: {}, profile: , target: demo, version: 1.8.9
21:33:18.230059 [debug] [MainThread]: Partial parsing enabled: 0 files deleted, 0 files added, 0 files changed.
21:33:18.230369 [debug] [MainThread]: Partial parsing enabled, no changes found, skipping parsing
21:33:18.230599 [warn ] [MainThread]: [WARNING]: Configuration paths exist in your dbt_project.yml file which do not apply to any resources.
There are 1 unused configuration paths:
- models
21:33:18.233701 [debug] [MainThread]: Sending event: {'category': 'dbt', 'action': 'load_project', 'label': '6a8169ac-af4e-43de-bfb9-97a8a94514ab', 'context': [<snowplow_tracker.self_describing_json.SelfDescribingJson object at 0x10de80f50>]}
21:33:18.236414 [info ] [MainThread]: Performance info: /Users/medsidd/Desktop/whyline-denver/dbt/target/perf_info.json
21:33:18.263304 [debug] [MainThread]: Resource report: {"command_name": "parse", "command_success": true, "command_wall_clock_time": 0.36991337, "process_in_blocks": "0", "process_kernel_time": 0.16251, "process_mem_max_rss": "127336448", "process_out_blocks": "0", "process_user_time": 0.843532}
21:33:18.263705 [debug] [MainThread]: Command `dbt parse` succeeded at 21:33:18.263630 after 0.37 seconds
21:33:18.263928 [debug] [MainThread]: Sending event: {'category': 'dbt', 'action': 'invocation', 'label': 'end', 'context': [<snowplow_tracker.self_describing_json.SelfDescribingJson object at 0x10ceeb020>, <snowplow_tracker.self_describing_json.SelfDescribingJson object at 0x10d6af5c0>, <snowplow_tracker.self_describing_json.SelfDescribingJson object at 0x10d92be70>]}
21:33:18.264131 [debug] [MainThread]: Flushing usage events
21:33:19.547214 [debug] [MainThread]: Sending event: {'category': 'dbt', 'action': 'invocation', 'label': 'start', 'context': [<snowplow_tracker.self_describing_json.SelfDescribingJson object at 0x10708da90>, <snowplow_tracker.self_describing_json.SelfDescribingJson object at 0x109067d90>, <snowplow_tracker.self_describing_json.SelfDescribingJson object at 0x109067ed0>]}


============================== 21:33:19.550870 | fbbc04ef-a294-4e09-a6de-62c598d2f8de ==============================
21:33:19.550870 [info ] [MainThread]: Running with dbt=1.8.9
21:33:19.551230 [debug] [MainThread]: running dbt with arguments {'printer_width': '80', 'indirect_selection': 'eager', 'log_cache_events': 'False', 'write_json': 'True', 'partial_parse': 'True', 'cache_selected_only': 'False', 'profiles_dir': '/Users/medsidd/Desktop/whyline-denver/dbt/profiles', 'fail_fast': 'False', 'warn_error': 'None', 'log_path': '/Users/medsidd/Desktop/whyline-denver/dbt/logs', 'version_check': 'True', 'debug': 'False', 'use_colors': 'False', 'use_experimental_parser': 'False', 'empty': 'None', 'quiet': 'False', 'no_print': 'None', 'log_format': 'default', 'static_parser': 'True', 'warn_error_options': 'WarnErrorOptions(include=[], exclude=[])', 'introspect': 'True', 'target_path': 'None', 'invocation_command': 'dbt --no-use-colors docs generate --target demo', 'send_anonymous_usage_stats': 'True'}
21:33:19.643735 [debug] [MainThread]: Sending event: {'category': 'dbt', 'action': 'project_id', 'label': 'fbbc04ef-a294-4e09-a6de-62c598d2f8de', 'context': [<snowplow_tracker.self_describing_json.SelfDescribingJson object at 0x107f18050>]}
21:33:19.671995 [debug] [MainThread]: Sending event: {'category': 'dbt', 'action': 'adapter_info', 'label': 'fbbc04ef-a294-4e09-a6de-62c598d2f8de', 'context': [<snowplow_tracker.self_describing_json.SelfDescribingJson object at 0x1084fc380>]}
21:33:19.673063 [info ] [MainThread]: Registered adapter: duckdb=1.8.4
21:33:19.724503 [debug] [MainThread]: checksum: e88a2301bb8ba01d4d32eb132a81202197c8e205fae43a4dab5556f64cf4f380, vars: {}, profile: , target: demo, version: 1.8.9
21:33:19.757347 [debug] [MainThread]: Partial parsing enabled: 0 files deleted, 0 files added, 0 files changed.
21:33:19.757606 [debug] [MainThread]: Partial parsing enabled, no changes found, skipping parsing
21:33:19.757827 [warn ] [MainThread]: [WARNING]: Configuration paths exist in your dbt_project.yml file which do not apply to any resources.
There are 1 unused configuration paths:
- models
21:33:19.760613 [debug] [MainThread]: Sending event: {'category': 'dbt', 'action': 'load_project', 'label': 'fbbc04ef-a294-4e09-a6de-62c598d2f8de', 'context': [<snowplow_tracker.self_describing_json.SelfDescribingJson object at 0x10946cf50>]}
21:33:19.770424 [debug] [MainThread]: Sending event: {'category': 'dbt', 'action': 'resource_counts', 'label': 'fbbc04ef-a294-4e09-a6de-62c598d2f8de', 'context': [<snowplow_tracker.self_describing_json.SelfDescribingJson object at 0x1093cfc50>]}
21:33:19.770724 [info ] [MainThread]: Found 426 macros
21:33:19.770896 [debug] [MainThread]: Sending event: {'category': 'dbt', 'action': 'runnable_timing', 'label': 'fbbc04ef-a294-4e09-a6de-62c598d2f8de', 'context': [<snowplow_tracker.self_describing_json.SelfDescribingJson object at 0x109071d30>]}
21:33:19.771602 [info ] [MainThread]: 
21:33:19.771777 [warn ] [MainThread]: Nothing to do. Try checking your model configs and model specification args
21:33:19.772677 [debug] [MainThread]: Command end result
21:33:19.799701 [debug] [MainThread]: Acquiring new duckdb connection 'generate_catalog'
21:33:19.799936 [info ] [MainThread]: Building catalog
21:33:19.855545 [info ] [MainThread]: Catalog written to /Users/medsidd/Desktop/whyline-denver/dbt/target/catalog.json
21:33:19.857205 [debug] [MainThread]: Resource report: {"command_name": "generate", "command_success": true, "command_wall_clock_time": 0.34468183, "process_in_blocks": "0", "process_kernel_time": 0.142937, "process_mem_max_rss": "131792896", "process_out_blocks": "0", "process_user_time": 0.886842}
21:33:19.857543 [debug] [MainThread]: Command `dbt docs generate` succeeded at 21:33:19.857489 after 0.35 seconds
21:33:19.857727 [debug] [MainThread]: Connection 'generate_catalog' was properly closed.
21:33:19.857897 [debug] [MainThread]: Sending event: {'category': 'dbt', 'action': 'invocation', 'label': 'end', 'context': [<snowplow_tracker.self_describing_json.SelfDescribingJson object at 0x109583d40>, <snowplow_tracker.self_describing_json.SelfDescribingJson object at 0x108f36510>, <snowplow_tracker.self_describing_json.SelfDescribingJson object at 0x109858590>]}
21:33:19.858074 [debug] [MainThread]: Flushing usage events
